0 info it worked if it ends with ok
1 verbose cli [ '/usr/local/bin/node',
1 verbose cli   '/usr/local/bin/npm',
1 verbose cli   'install',
1 verbose cli   '-save-dev',
1 verbose cli   'angular-ui-router' ]
2 info using npm@3.10.2
3 info using node@v4.4.5
4 silly loadCurrentTree Starting
5 silly install loadCurrentTree
6 silly install readLocalPackageData
7 silly fetchPackageMetaData angular-ui-router
8 silly fetchNamedPackageData angular-ui-router
9 silly mapToRegistry name angular-ui-router
10 silly mapToRegistry using default registry
11 silly mapToRegistry registry https://registry.npmjs.org/
12 silly mapToRegistry data Result {
12 silly mapToRegistry   raw: 'angular-ui-router',
12 silly mapToRegistry   scope: null,
12 silly mapToRegistry   escapedName: 'angular-ui-router',
12 silly mapToRegistry   name: 'angular-ui-router',
12 silly mapToRegistry   rawSpec: '',
12 silly mapToRegistry   spec: 'latest',
12 silly mapToRegistry   type: 'tag' }
13 silly mapToRegistry uri https://registry.npmjs.org/angular-ui-router
14 verbose request uri https://registry.npmjs.org/angular-ui-router
15 verbose request no auth needed
16 info attempt registry request try #1 at 01:41:20
17 verbose request id 6ea7d396dba123e5
18 verbose etag "ASLHZ51X9O8IAQLWS9GUFQE5B"
19 http request GET https://registry.npmjs.org/angular-ui-router
20 http 200 https://registry.npmjs.org/angular-ui-router
21 verbose headers { server: 'CouchDB/1.6.1 (Erlang OTP/R16B03)',
21 verbose headers   etag: '"RNQXLML723KWBS051C89LFWX"',
21 verbose headers   'content-type': 'application/json',
21 verbose headers   'content-encoding': 'gzip',
21 verbose headers   'cache-control': 'max-age=300',
21 verbose headers   'content-length': '5892',
21 verbose headers   'accept-ranges': 'bytes',
21 verbose headers   date: 'Tue, 20 Sep 2016 23:41:21 GMT',
21 verbose headers   via: '1.1 varnish',
21 verbose headers   age: '195',
21 verbose headers   connection: 'keep-alive',
21 verbose headers   'x-served-by': 'cache-fra1235-FRA',
21 verbose headers   'x-cache': 'HIT',
21 verbose headers   'x-cache-hits': '1',
21 verbose headers   'x-timer': 'S1474414881.300624,VS0,VE0',
21 verbose headers   vary: 'Accept-Encoding' }
22 silly get cb [ 200,
22 silly get   { server: 'CouchDB/1.6.1 (Erlang OTP/R16B03)',
22 silly get     etag: '"RNQXLML723KWBS051C89LFWX"',
22 silly get     'content-type': 'application/json',
22 silly get     'content-encoding': 'gzip',
22 silly get     'cache-control': 'max-age=300',
22 silly get     'content-length': '5892',
22 silly get     'accept-ranges': 'bytes',
22 silly get     date: 'Tue, 20 Sep 2016 23:41:21 GMT',
22 silly get     via: '1.1 varnish',
22 silly get     age: '195',
22 silly get     connection: 'keep-alive',
22 silly get     'x-served-by': 'cache-fra1235-FRA',
22 silly get     'x-cache': 'HIT',
22 silly get     'x-cache-hits': '1',
22 silly get     'x-timer': 'S1474414881.300624,VS0,VE0',
22 silly get     vary: 'Accept-Encoding' } ]
23 verbose get saving angular-ui-router to /Users/RobertoMorgadoLuengo/.npm/registry.npmjs.org/angular-ui-router/.cache.json
24 verbose correctMkdir /Users/RobertoMorgadoLuengo/.npm correctMkdir not in flight; initializing
25 silly install normalizeTree
26 silly loadCurrentTree Finishing
27 silly loadIdealTree Starting
28 silly install loadIdealTree
29 silly cloneCurrentTree Starting
30 silly install cloneCurrentTreeToIdealTree
31 silly cloneCurrentTree Finishing
32 silly loadShrinkwrap Starting
33 silly install loadShrinkwrap
34 silly loadShrinkwrap Finishing
35 silly loadAllDepsIntoIdealTree Starting
36 silly install loadAllDepsIntoIdealTree
37 silly resolveWithNewModule angular-ui-router@1.0.0-beta.2 checking installable status
38 silly cache add args [ 'angular-ui-router', null ]
39 verbose cache add spec angular-ui-router
40 silly cache add parsed spec Result {
40 silly cache add   raw: 'angular-ui-router',
40 silly cache add   scope: null,
40 silly cache add   escapedName: 'angular-ui-router',
40 silly cache add   name: 'angular-ui-router',
40 silly cache add   rawSpec: '',
40 silly cache add   spec: 'latest',
40 silly cache add   type: 'tag' }
41 silly addNamed angular-ui-router@latest
42 verbose addNamed "latest" is being treated as a dist-tag for angular-ui-router
43 info addNameTag [ 'angular-ui-router', 'latest' ]
44 silly mapToRegistry name angular-ui-router
45 silly mapToRegistry using default registry
46 silly mapToRegistry registry https://registry.npmjs.org/
47 silly mapToRegistry data Result {
47 silly mapToRegistry   raw: 'angular-ui-router',
47 silly mapToRegistry   scope: null,
47 silly mapToRegistry   escapedName: 'angular-ui-router',
47 silly mapToRegistry   name: 'angular-ui-router',
47 silly mapToRegistry   rawSpec: '',
47 silly mapToRegistry   spec: 'latest',
47 silly mapToRegistry   type: 'tag' }
48 silly mapToRegistry uri https://registry.npmjs.org/angular-ui-router
49 verbose addNameTag registry:https://registry.npmjs.org/angular-ui-router not in flight; fetching
50 verbose get https://registry.npmjs.org/angular-ui-router not expired, no request
51 silly addNameTag next cb for angular-ui-router with tag latest
52 silly addNamed angular-ui-router@1.0.0-beta.2
53 verbose addNamed "1.0.0-beta.2" is a plain semver version for angular-ui-router
54 silly mapToRegistry name angular-ui-router
55 silly mapToRegistry using default registry
56 silly mapToRegistry registry https://registry.npmjs.org/
57 silly mapToRegistry data Result {
57 silly mapToRegistry   raw: 'angular-ui-router',
57 silly mapToRegistry   scope: null,
57 silly mapToRegistry   escapedName: 'angular-ui-router',
57 silly mapToRegistry   name: 'angular-ui-router',
57 silly mapToRegistry   rawSpec: '',
57 silly mapToRegistry   spec: 'latest',
57 silly mapToRegistry   type: 'tag' }
58 silly mapToRegistry uri https://registry.npmjs.org/angular-ui-router
59 verbose addRemoteTarball https://registry.npmjs.org/angular-ui-router/-/angular-ui-router-1.0.0-beta.2.tgz not in flight; adding
60 verbose addRemoteTarball [ 'https://registry.npmjs.org/angular-ui-router/-/angular-ui-router-1.0.0-beta.2.tgz',
60 verbose addRemoteTarball   '079e971698c3daaaa11df1762835004391ba1bee' ]
61 info retry fetch attempt 1 at 01:41:21
62 info attempt registry request try #1 at 01:41:21
63 http fetch GET https://registry.npmjs.org/angular-ui-router/-/angular-ui-router-1.0.0-beta.2.tgz
64 http fetch 200 https://registry.npmjs.org/angular-ui-router/-/angular-ui-router-1.0.0-beta.2.tgz
65 silly fetchAndShaCheck shasum 079e971698c3daaaa11df1762835004391ba1bee
66 verbose addTmpTarball /var/folders/6q/4f9s8c0x7nvf60svsz4wwgsw0000gn/T/npm-35140-62ab584b/registry.npmjs.org/angular-ui-router/-/angular-ui-router-1.0.0-beta.2.tgz not in flight; adding
67 verbose addTmpTarball already have metadata; skipping unpack for angular-ui-router@1.0.0-beta.2
68 verbose correctMkdir /Users/RobertoMorgadoLuengo/.npm correctMkdir not in flight; initializing
69 silly cache afterAdd angular-ui-router@1.0.0-beta.2
70 verbose afterAdd /Users/RobertoMorgadoLuengo/.npm/angular-ui-router/1.0.0-beta.2/package/package.json not in flight; writing
71 verbose correctMkdir /Users/RobertoMorgadoLuengo/.npm correctMkdir not in flight; initializing
72 verbose afterAdd /Users/RobertoMorgadoLuengo/.npm/angular-ui-router/1.0.0-beta.2/package/package.json written
73 silly loadAllDepsIntoIdealTree Finishing
74 silly loadIdealTree Finishing
75 silly currentTree meanjs@1.0.0
75 silly currentTree ├── accepts@1.3.3
75 silly currentTree ├── array-flatten@1.1.1
75 silly currentTree ├── bson@0.5.5
75 silly currentTree ├── buffer-shims@1.0.0
75 silly currentTree ├── commander@2.7.1
75 silly currentTree ├── content-disposition@0.5.1
75 silly currentTree ├── content-type@1.0.2
75 silly currentTree ├── cookie-signature@1.0.6
75 silly currentTree ├── cookie@0.3.1
75 silly currentTree ├── core-util-is@1.0.2
75 silly currentTree ├── debug@2.2.0
75 silly currentTree ├── depd@1.1.0
75 silly currentTree ├── destroy@1.0.4
75 silly currentTree ├── ee-first@1.1.1
75 silly currentTree ├── encodeurl@1.0.1
75 silly currentTree ├── es6-promise@3.2.1
75 silly currentTree ├── escape-html@1.0.3
75 silly currentTree ├── etag@1.7.0
75 silly currentTree ├── express-generator@4.13.4
75 silly currentTree ├── express@4.14.0
75 silly currentTree ├── finalhandler@0.5.0
75 silly currentTree ├── forwarded@0.1.0
75 silly currentTree ├── fresh@0.3.0
75 silly currentTree ├── graceful-readlink@1.0.1
75 silly currentTree ├─┬ http-errors@1.5.0
75 silly currentTree │ └── inherits@2.0.1
75 silly currentTree ├── inherits@2.0.3
75 silly currentTree ├── ipaddr.js@1.1.1
75 silly currentTree ├── isarray@1.0.0
75 silly currentTree ├── media-typer@0.3.0
75 silly currentTree ├── merge-descriptors@1.0.1
75 silly currentTree ├── methods@1.1.2
75 silly currentTree ├── mime-db@1.24.0
75 silly currentTree ├── mime-types@2.1.12
75 silly currentTree ├── mime@1.3.4
75 silly currentTree ├── minimist@0.0.8
75 silly currentTree ├── mkdirp@0.5.1
75 silly currentTree ├── mongodb-core@2.0.12
75 silly currentTree ├── mongodb@2.2.10
75 silly currentTree ├── ms@0.7.1
75 silly currentTree ├── negotiator@0.6.1
75 silly currentTree ├── on-finished@2.3.0
75 silly currentTree ├── parseurl@1.3.1
75 silly currentTree ├── path-to-regexp@0.1.7
75 silly currentTree ├── process-nextick-args@1.0.7
75 silly currentTree ├── proxy-addr@1.1.2
75 silly currentTree ├── qs@6.2.0
75 silly currentTree ├── range-parser@1.2.0
75 silly currentTree ├── readable-stream@2.1.5
75 silly currentTree ├── require_optional@1.0.0
75 silly currentTree ├── resolve-from@2.0.0
75 silly currentTree ├── semver@5.3.0
75 silly currentTree ├── send@0.14.1
75 silly currentTree ├── serve-static@1.11.1
75 silly currentTree ├── setprototypeof@1.0.1
75 silly currentTree ├── sorted-object@2.0.0
75 silly currentTree ├── statuses@1.3.0
75 silly currentTree ├── string_decoder@0.10.31
75 silly currentTree ├── type-is@1.6.13
75 silly currentTree ├── unpipe@1.0.0
75 silly currentTree ├── util-deprecate@1.0.2
75 silly currentTree ├── utils-merge@1.0.0
75 silly currentTree └── vary@1.1.0
76 silly idealTree meanjs@1.0.0
76 silly idealTree ├── accepts@1.3.3
76 silly idealTree ├── angular-ui-router@1.0.0-beta.2
76 silly idealTree ├── array-flatten@1.1.1
76 silly idealTree ├── bson@0.5.5
76 silly idealTree ├── buffer-shims@1.0.0
76 silly idealTree ├── commander@2.7.1
76 silly idealTree ├── content-disposition@0.5.1
76 silly idealTree ├── content-type@1.0.2
76 silly idealTree ├── cookie-signature@1.0.6
76 silly idealTree ├── cookie@0.3.1
76 silly idealTree ├── core-util-is@1.0.2
76 silly idealTree ├── debug@2.2.0
76 silly idealTree ├── depd@1.1.0
76 silly idealTree ├── destroy@1.0.4
76 silly idealTree ├── ee-first@1.1.1
76 silly idealTree ├── encodeurl@1.0.1
76 silly idealTree ├── es6-promise@3.2.1
76 silly idealTree ├── escape-html@1.0.3
76 silly idealTree ├── etag@1.7.0
76 silly idealTree ├── express-generator@4.13.4
76 silly idealTree ├── express@4.14.0
76 silly idealTree ├── finalhandler@0.5.0
76 silly idealTree ├── forwarded@0.1.0
76 silly idealTree ├── fresh@0.3.0
76 silly idealTree ├── graceful-readlink@1.0.1
76 silly idealTree ├─┬ http-errors@1.5.0
76 silly idealTree │ └── inherits@2.0.1
76 silly idealTree ├── inherits@2.0.3
76 silly idealTree ├── ipaddr.js@1.1.1
76 silly idealTree ├── isarray@1.0.0
76 silly idealTree ├── media-typer@0.3.0
76 silly idealTree ├── merge-descriptors@1.0.1
76 silly idealTree ├── methods@1.1.2
76 silly idealTree ├── mime-db@1.24.0
76 silly idealTree ├── mime-types@2.1.12
76 silly idealTree ├── mime@1.3.4
76 silly idealTree ├── minimist@0.0.8
76 silly idealTree ├── mkdirp@0.5.1
76 silly idealTree ├── mongodb-core@2.0.12
76 silly idealTree ├── mongodb@2.2.10
76 silly idealTree ├── ms@0.7.1
76 silly idealTree ├── negotiator@0.6.1
76 silly idealTree ├── on-finished@2.3.0
76 silly idealTree ├── parseurl@1.3.1
76 silly idealTree ├── path-to-regexp@0.1.7
76 silly idealTree ├── process-nextick-args@1.0.7
76 silly idealTree ├── proxy-addr@1.1.2
76 silly idealTree ├── qs@6.2.0
76 silly idealTree ├── range-parser@1.2.0
76 silly idealTree ├── readable-stream@2.1.5
76 silly idealTree ├── require_optional@1.0.0
76 silly idealTree ├── resolve-from@2.0.0
76 silly idealTree ├── semver@5.3.0
76 silly idealTree ├── send@0.14.1
76 silly idealTree ├── serve-static@1.11.1
76 silly idealTree ├── setprototypeof@1.0.1
76 silly idealTree ├── sorted-object@2.0.0
76 silly idealTree ├── statuses@1.3.0
76 silly idealTree ├── string_decoder@0.10.31
76 silly idealTree ├── type-is@1.6.13
76 silly idealTree ├── unpipe@1.0.0
76 silly idealTree ├── util-deprecate@1.0.2
76 silly idealTree ├── utils-merge@1.0.0
76 silly idealTree └── vary@1.1.0
77 silly generateActionsToTake Starting
78 silly install generateActionsToTake
79 warn checkPermissions Missing write access to /Users/RobertoMorgadoLuengo/Desktop/meanjs/node_modules
80 silly rollbackFailedOptional Starting
81 silly rollbackFailedOptional Finishing
82 silly runTopLevelLifecycles Starting
83 silly runTopLevelLifecycles Finishing
84 silly install printInstalled
85 warn angular-ui-router@1.0.0-beta.2 requires a peer of angular@>1.2 <2.0 but none was installed.
86 warn meanjs@1.0.0 No repository field.
87 verbose stack Error: EACCES: permission denied, access '/Users/RobertoMorgadoLuengo/Desktop/meanjs/node_modules'
87 verbose stack     at Error (native)
88 verbose cwd /Users/RobertoMorgadoLuengo/Desktop/meanjs
89 error Darwin 14.5.0
90 error argv "/usr/local/bin/node" "/usr/local/bin/npm" "install" "-save-dev" "angular-ui-router"
91 error node v4.4.5
92 error npm  v3.10.2
93 error path /Users/RobertoMorgadoLuengo/Desktop/meanjs/node_modules
94 error code EACCES
95 error errno -13
96 error syscall access
97 error Error: EACCES: permission denied, access '/Users/RobertoMorgadoLuengo/Desktop/meanjs/node_modules'
97 error     at Error (native)
97 error  { [Error: EACCES: permission denied, access '/Users/RobertoMorgadoLuengo/Desktop/meanjs/node_modules']
97 error   errno: -13,
97 error   code: 'EACCES',
97 error   syscall: 'access',
97 error   path: '/Users/RobertoMorgadoLuengo/Desktop/meanjs/node_modules' }
98 error Please try running this command again as root/Administrator.
99 verbose exit [ -13, true ]
